[0.831s] Invoking command in '/home/kalle/Documents/Tello/RAS_Project_1/droning_ws/src/droning_pkg': PYTHONPATH=/home/kalle/Documents/Tello/RAS_Project_1/droning_ws/install/droning_pkg/lib/python3.8/site-packages:${PYTHONPATH} /usr/bin/python3 setup.py egg_info --egg-base ../../build/droning_pkg build --build-base /home/kalle/Documents/Tello/RAS_Project_1/droning_ws/build/droning_pkg/build install --prefix /home/kalle/Documents/Tello/RAS_Project_1/droning_ws/install/droning_pkg --record /home/kalle/Documents/Tello/RAS_Project_1/droning_ws/build/droning_pkg/install.log --single-version-externally-managed
[1.112s] running egg_info
[1.113s] writing ../../build/droning_pkg/droning_pkg.egg-info/PKG-INFO
[1.114s] writing dependency_links to ../../build/droning_pkg/droning_pkg.egg-info/dependency_links.txt
[1.114s] writing entry points to ../../build/droning_pkg/droning_pkg.egg-info/entry_points.txt
[1.115s] writing requirements to ../../build/droning_pkg/droning_pkg.egg-info/requires.txt
[1.115s] writing top-level names to ../../build/droning_pkg/droning_pkg.egg-info/top_level.txt
[1.156s] reading manifest file '../../build/droning_pkg/droning_pkg.egg-info/SOURCES.txt'
[1.157s] writing manifest file '../../build/droning_pkg/droning_pkg.egg-info/SOURCES.txt'
[1.157s] running build
[1.157s] running build_py
[1.157s] copying droning_pkg/cam_sub.py -> /home/kalle/Documents/Tello/RAS_Project_1/droning_ws/build/droning_pkg/build/lib/droning_pkg
[1.157s] running install
[1.158s] running install_lib
[1.159s] copying /home/kalle/Documents/Tello/RAS_Project_1/droning_ws/build/droning_pkg/build/lib/droning_pkg/cam_sub.py -> /home/kalle/Documents/Tello/RAS_Project_1/droning_ws/install/droning_pkg/lib/python3.8/site-packages/droning_pkg
[1.160s] byte-compiling /home/kalle/Documents/Tello/RAS_Project_1/droning_ws/install/droning_pkg/lib/python3.8/site-packages/droning_pkg/cam_sub.py to cam_sub.cpython-38.pyc
[1.162s] running install_data
[1.163s] running install_egg_info
[1.165s] removing '/home/kalle/Documents/Tello/RAS_Project_1/droning_ws/install/droning_pkg/lib/python3.8/site-packages/droning_pkg-0.0.0-py3.8.egg-info' (and everything under it)
[1.166s] Copying ../../build/droning_pkg/droning_pkg.egg-info to /home/kalle/Documents/Tello/RAS_Project_1/droning_ws/install/droning_pkg/lib/python3.8/site-packages/droning_pkg-0.0.0-py3.8.egg-info
[1.167s] running install_scripts
[1.187s] Installing cam_sub script to /home/kalle/Documents/Tello/RAS_Project_1/droning_ws/install/droning_pkg/lib/droning_pkg
[1.188s] writing list of installed files to '/home/kalle/Documents/Tello/RAS_Project_1/droning_ws/build/droning_pkg/install.log'
[1.219s] Invoked command in '/home/kalle/Documents/Tello/RAS_Project_1/droning_ws/src/droning_pkg' returned '0': PYTHONPATH=/home/kalle/Documents/Tello/RAS_Project_1/droning_ws/install/droning_pkg/lib/python3.8/site-packages:${PYTHONPATH} /usr/bin/python3 setup.py egg_info --egg-base ../../build/droning_pkg build --build-base /home/kalle/Documents/Tello/RAS_Project_1/droning_ws/build/droning_pkg/build install --prefix /home/kalle/Documents/Tello/RAS_Project_1/droning_ws/install/droning_pkg --record /home/kalle/Documents/Tello/RAS_Project_1/droning_ws/build/droning_pkg/install.log --single-version-externally-managed
