[0.731s] Invoking command in '/home/kalle/Documents/Tello/RAS_Project_1/droning_ws/src/droning_pkg': PYTHONPATH=/home/kalle/Documents/Tello/RAS_Project_1/droning_ws/install/droning_pkg/lib/python3.8/site-packages:${PYTHONPATH} /usr/bin/python3 setup.py egg_info --egg-base ../../build/droning_pkg build --build-base /home/kalle/Documents/Tello/RAS_Project_1/droning_ws/build/droning_pkg/build install --prefix /home/kalle/Documents/Tello/RAS_Project_1/droning_ws/install/droning_pkg --record /home/kalle/Documents/Tello/RAS_Project_1/droning_ws/build/droning_pkg/install.log --single-version-externally-managed
[0.971s] running egg_info
[0.972s] writing ../../build/droning_pkg/droning_pkg.egg-info/PKG-INFO
[0.972s] writing dependency_links to ../../build/droning_pkg/droning_pkg.egg-info/dependency_links.txt
[0.973s] writing entry points to ../../build/droning_pkg/droning_pkg.egg-info/entry_points.txt
[0.973s] writing requirements to ../../build/droning_pkg/droning_pkg.egg-info/requires.txt
[0.973s] writing top-level names to ../../build/droning_pkg/droning_pkg.egg-info/top_level.txt
[1.008s] reading manifest file '../../build/droning_pkg/droning_pkg.egg-info/SOURCES.txt'
[1.009s] writing manifest file '../../build/droning_pkg/droning_pkg.egg-info/SOURCES.txt'
[1.009s] running build
[1.009s] running build_py
[1.010s] copying droning_pkg/tellosub_copy.py -> /home/kalle/Documents/Tello/RAS_Project_1/droning_ws/build/droning_pkg/build/lib/droning_pkg
[1.010s] running install
[1.010s] running install_lib
[1.011s] copying /home/kalle/Documents/Tello/RAS_Project_1/droning_ws/build/droning_pkg/build/lib/droning_pkg/tellosub_copy.py -> /home/kalle/Documents/Tello/RAS_Project_1/droning_ws/install/droning_pkg/lib/python3.8/site-packages/droning_pkg
[1.012s] byte-compiling /home/kalle/Documents/Tello/RAS_Project_1/droning_ws/install/droning_pkg/lib/python3.8/site-packages/droning_pkg/tellosub_copy.py to tellosub_copy.cpython-38.pyc
[1.014s] running install_data
[1.014s] running install_egg_info
[1.016s] removing '/home/kalle/Documents/Tello/RAS_Project_1/droning_ws/install/droning_pkg/lib/python3.8/site-packages/droning_pkg-0.0.0-py3.8.egg-info' (and everything under it)
[1.016s] Copying ../../build/droning_pkg/droning_pkg.egg-info to /home/kalle/Documents/Tello/RAS_Project_1/droning_ws/install/droning_pkg/lib/python3.8/site-packages/droning_pkg-0.0.0-py3.8.egg-info
[1.017s] running install_scripts
[1.035s] Installing cam_sub script to /home/kalle/Documents/Tello/RAS_Project_1/droning_ws/install/droning_pkg/lib/droning_pkg
[1.035s] writing list of installed files to '/home/kalle/Documents/Tello/RAS_Project_1/droning_ws/build/droning_pkg/install.log'
[1.059s] Invoked command in '/home/kalle/Documents/Tello/RAS_Project_1/droning_ws/src/droning_pkg' returned '0': PYTHONPATH=/home/kalle/Documents/Tello/RAS_Project_1/droning_ws/install/droning_pkg/lib/python3.8/site-packages:${PYTHONPATH} /usr/bin/python3 setup.py egg_info --egg-base ../../build/droning_pkg build --build-base /home/kalle/Documents/Tello/RAS_Project_1/droning_ws/build/droning_pkg/build install --prefix /home/kalle/Documents/Tello/RAS_Project_1/droning_ws/install/droning_pkg --record /home/kalle/Documents/Tello/RAS_Project_1/droning_ws/build/droning_pkg/install.log --single-version-externally-managed
